[2025-10-30T07:59:40.621+0000] {processor.py:186} INFO - Started process (PID=21) to work on /opt/airflow/dags/iss_position_dag.py
[2025-10-30T07:59:40.622+0000] {processor.py:914} INFO - Processing file /opt/airflow/dags/iss_position_dag.py for tasks to queue
[2025-10-30T07:59:40.627+0000] {logging_mixin.py:190} INFO - [2025-10-30T07:59:40.626+0000] {dagbag.py:588} INFO - Filling up the DagBag from /opt/airflow/dags/iss_position_dag.py
[2025-10-30T07:59:40.675+0000] {processor.py:925} INFO - DAG(s) 'iss_position_dag' retrieved from /opt/airflow/dags/iss_position_dag.py
[2025-10-30T07:59:41.149+0000] {logging_mixin.py:190} INFO - [2025-10-30T07:59:41.148+0000] {override.py:1912} INFO - Created Permission View: can read on DAG:iss_position_dag
[2025-10-30T07:59:41.155+0000] {logging_mixin.py:190} INFO - [2025-10-30T07:59:41.154+0000] {override.py:1912} INFO - Created Permission View: can edit on DAG:iss_position_dag
[2025-10-30T07:59:41.161+0000] {logging_mixin.py:190} INFO - [2025-10-30T07:59:41.160+0000] {override.py:1912} INFO - Created Permission View: can delete on DAG:iss_position_dag
[2025-10-30T07:59:41.167+0000] {logging_mixin.py:190} INFO - [2025-10-30T07:59:41.167+0000] {override.py:1912} INFO - Created Permission View: can read on DAG Run:iss_position_dag
[2025-10-30T07:59:41.173+0000] {logging_mixin.py:190} INFO - [2025-10-30T07:59:41.173+0000] {override.py:1912} INFO - Created Permission View: menu access on DAG Run:iss_position_dag
[2025-10-30T07:59:41.182+0000] {logging_mixin.py:190} INFO - [2025-10-30T07:59:41.182+0000] {override.py:1912} INFO - Created Permission View: can create on DAG Run:iss_position_dag
[2025-10-30T07:59:41.194+0000] {logging_mixin.py:190} INFO - [2025-10-30T07:59:41.193+0000] {override.py:1912} INFO - Created Permission View: can delete on DAG Run:iss_position_dag
[2025-10-30T07:59:41.195+0000] {logging_mixin.py:190} INFO - [2025-10-30T07:59:41.194+0000] {dag.py:3239} INFO - Sync 1 DAGs
[2025-10-30T07:59:41.212+0000] {logging_mixin.py:190} INFO - [2025-10-30T07:59:41.212+0000] {dag.py:3262} INFO - Creating ORM DAG for iss_position_dag
[2025-10-30T07:59:41.229+0000] {logging_mixin.py:190} INFO - [2025-10-30T07:59:41.229+0000] {dag.py:4180} INFO - Setting next_dagrun for iss_position_dag to 2025-10-30 07:00:00+00:00, run_after=2025-10-30 07:30:00+00:00
[2025-10-30T07:59:41.248+0000] {processor.py:208} INFO - Processing /opt/airflow/dags/iss_position_dag.py took 0.640 seconds
[2025-10-30T08:00:11.469+0000] {processor.py:186} INFO - Started process (PID=22) to work on /opt/airflow/dags/iss_position_dag.py
[2025-10-30T08:00:11.470+0000] {processor.py:914} INFO - Processing file /opt/airflow/dags/iss_position_dag.py for tasks to queue
[2025-10-30T08:00:11.472+0000] {logging_mixin.py:190} INFO - [2025-10-30T08:00:11.472+0000] {dagbag.py:588} INFO - Filling up the DagBag from /opt/airflow/dags/iss_position_dag.py
[2025-10-30T08:00:11.481+0000] {processor.py:925} INFO - DAG(s) 'iss_position_dag' retrieved from /opt/airflow/dags/iss_position_dag.py
[2025-10-30T08:00:11.511+0000] {logging_mixin.py:190} INFO - [2025-10-30T08:00:11.511+0000] {dag.py:3239} INFO - Sync 1 DAGs
[2025-10-30T08:00:11.532+0000] {logging_mixin.py:190} INFO - [2025-10-30T08:00:11.532+0000] {dag.py:4180} INFO - Setting next_dagrun for iss_position_dag to 2025-10-30 07:30:00+00:00, run_after=2025-10-30 08:00:00+00:00
[2025-10-30T08:00:11.547+0000] {processor.py:208} INFO - Processing /opt/airflow/dags/iss_position_dag.py took 0.084 seconds
