[2025-10-30T07:59:40.383+0000] {manager.py:483} INFO - Processing files using up to 2 processes at a time 
[2025-10-30T07:59:40.386+0000] {manager.py:484} INFO - Process each file at most once every 30 seconds
[2025-10-30T07:59:40.386+0000] {manager.py:485} INFO - Checking for new files in /opt/airflow/dags every 300 seconds
[2025-10-30T07:59:40.387+0000] {manager.py:821} INFO - Searching for files in /opt/airflow/dags
[2025-10-30T07:59:40.389+0000] {manager.py:824} INFO - There are 1 files in /opt/airflow/dags
[2025-10-30T07:59:40.634+0000] {manager.py:997} INFO - 
================================================================================
DAG File Processing Stats

File Path                                PID  Runtime      # DAGs    # Errors  Last Runtime    Last Run      Last # of DB Queries
-------------------------------------  -----  ---------  --------  ----------  --------------  ----------  ----------------------
/opt/airflow/dags/iss_position_dag.py     21  0.03s             0           0                                                   0
================================================================================
[2025-10-30T08:00:10.799+0000] {manager.py:997} INFO - 
================================================================================
DAG File Processing Stats

File Path                              PID    Runtime      # DAGs    # Errors  Last Runtime    Last Run               Last # of DB Queries
-------------------------------------  -----  ---------  --------  ----------  --------------  -------------------  ----------------------
/opt/airflow/dags/iss_position_dag.py                           1           0  0.67s           2025-10-30T07:59:41                      41
================================================================================
[2025-10-30T08:00:41.601+0000] {manager.py:997} INFO - 
================================================================================
DAG File Processing Stats

File Path                                PID  Runtime      # DAGs    # Errors  Last Runtime    Last Run               Last # of DB Queries
-------------------------------------  -----  ---------  --------  ----------  --------------  -------------------  ----------------------
/opt/airflow/dags/iss_position_dag.py     23  0.00s             1           0  0.10s           2025-10-30T08:00:11                      12
================================================================================
[2025-10-30T08:01:11.816+0000] {manager.py:997} INFO - 
================================================================================
DAG File Processing Stats

File Path                                PID  Runtime      # DAGs    # Errors  Last Runtime    Last Run               Last # of DB Queries
-------------------------------------  -----  ---------  --------  ----------  --------------  -------------------  ----------------------
/opt/airflow/dags/iss_position_dag.py     24  0.00s             1           0  0.09s           2025-10-30T08:00:41                      12
================================================================================
[2025-10-30T08:01:41.962+0000] {manager.py:997} INFO - 
================================================================================
DAG File Processing Stats

File Path                                PID  Runtime      # DAGs    # Errors  Last Runtime    Last Run               Last # of DB Queries
-------------------------------------  -----  ---------  --------  ----------  --------------  -------------------  ----------------------
/opt/airflow/dags/iss_position_dag.py     25  0.00s             1           0  0.10s           2025-10-30T08:01:11                      12
================================================================================
[2025-10-30T08:02:12.192+0000] {manager.py:997} INFO - 
================================================================================
DAG File Processing Stats

File Path                                PID  Runtime      # DAGs    # Errors  Last Runtime    Last Run               Last # of DB Queries
-------------------------------------  -----  ---------  --------  ----------  --------------  -------------------  ----------------------
/opt/airflow/dags/iss_position_dag.py     26  0.00s             1           0  0.13s           2025-10-30T08:01:42                      12
================================================================================
[2025-10-30T08:02:42.354+0000] {manager.py:997} INFO - 
================================================================================
DAG File Processing Stats

File Path                                PID  Runtime      # DAGs    # Errors  Last Runtime    Last Run               Last # of DB Queries
-------------------------------------  -----  ---------  --------  ----------  --------------  -------------------  ----------------------
/opt/airflow/dags/iss_position_dag.py     27  0.00s             1           0  0.11s           2025-10-30T08:02:12                      12
================================================================================
[2025-10-30T08:03:12.569+0000] {manager.py:997} INFO - 
================================================================================
DAG File Processing Stats

File Path                                PID  Runtime      # DAGs    # Errors  Last Runtime    Last Run               Last # of DB Queries
-------------------------------------  -----  ---------  --------  ----------  --------------  -------------------  ----------------------
/opt/airflow/dags/iss_position_dag.py     28  0.00s             1           0  0.09s           2025-10-30T08:02:42                      12
================================================================================
[2025-10-30T08:03:42.724+0000] {manager.py:997} INFO - 
================================================================================
DAG File Processing Stats

File Path                                PID  Runtime      # DAGs    # Errors  Last Runtime    Last Run               Last # of DB Queries
-------------------------------------  -----  ---------  --------  ----------  --------------  -------------------  ----------------------
/opt/airflow/dags/iss_position_dag.py     29  0.00s             1           0  0.09s           2025-10-30T08:03:12                      12
================================================================================
[2025-10-30T08:04:12.912+0000] {manager.py:997} INFO - 
================================================================================
DAG File Processing Stats

File Path                                PID  Runtime      # DAGs    # Errors  Last Runtime    Last Run               Last # of DB Queries
-------------------------------------  -----  ---------  --------  ----------  --------------  -------------------  ----------------------
/opt/airflow/dags/iss_position_dag.py     30  0.00s             1           0  0.10s           2025-10-30T08:03:42                      12
================================================================================
[2025-10-30T08:04:41.062+0000] {manager.py:821} INFO - Searching for files in /opt/airflow/dags
[2025-10-30T08:04:41.063+0000] {manager.py:824} INFO - There are 1 files in /opt/airflow/dags
[2025-10-30T08:04:43.089+0000] {manager.py:997} INFO - 
================================================================================
DAG File Processing Stats

File Path                                PID  Runtime      # DAGs    # Errors  Last Runtime    Last Run               Last # of DB Queries
-------------------------------------  -----  ---------  --------  ----------  --------------  -------------------  ----------------------
/opt/airflow/dags/iss_position_dag.py     31  0.00s             1           0  0.09s           2025-10-30T08:04:12                      12
================================================================================
[2025-10-30T08:05:13.257+0000] {manager.py:997} INFO - 
================================================================================
DAG File Processing Stats

File Path                                PID  Runtime      # DAGs    # Errors  Last Runtime    Last Run               Last # of DB Queries
-------------------------------------  -----  ---------  --------  ----------  --------------  -------------------  ----------------------
/opt/airflow/dags/iss_position_dag.py     32  0.00s             1           0  0.09s           2025-10-30T08:04:43                      12
================================================================================
[2025-10-30T08:05:43.445+0000] {manager.py:997} INFO - 
================================================================================
DAG File Processing Stats

File Path                                PID  Runtime      # DAGs    # Errors  Last Runtime    Last Run               Last # of DB Queries
-------------------------------------  -----  ---------  --------  ----------  --------------  -------------------  ----------------------
/opt/airflow/dags/iss_position_dag.py     33  0.00s             1           0  0.11s           2025-10-30T08:05:13                      12
================================================================================
[2025-10-30T08:06:13.633+0000] {manager.py:997} INFO - 
================================================================================
DAG File Processing Stats

File Path                                PID  Runtime      # DAGs    # Errors  Last Runtime    Last Run               Last # of DB Queries
-------------------------------------  -----  ---------  --------  ----------  --------------  -------------------  ----------------------
/opt/airflow/dags/iss_position_dag.py     34  0.00s             1           0  0.10s           2025-10-30T08:05:43                      12
================================================================================
[2025-10-30T08:06:43.792+0000] {manager.py:997} INFO - 
================================================================================
DAG File Processing Stats

File Path                                PID  Runtime      # DAGs    # Errors  Last Runtime    Last Run               Last # of DB Queries
-------------------------------------  -----  ---------  --------  ----------  --------------  -------------------  ----------------------
/opt/airflow/dags/iss_position_dag.py     35  0.00s             1           0  0.09s           2025-10-30T08:06:13                      12
================================================================================
[2025-10-30T08:07:13.986+0000] {manager.py:997} INFO - 
================================================================================
DAG File Processing Stats

File Path                                PID  Runtime      # DAGs    # Errors  Last Runtime    Last Run               Last # of DB Queries
-------------------------------------  -----  ---------  --------  ----------  --------------  -------------------  ----------------------
/opt/airflow/dags/iss_position_dag.py     36  0.01s             1           0  0.09s           2025-10-30T08:06:43                      12
================================================================================
[2025-10-30T08:07:44.150+0000] {manager.py:997} INFO - 
================================================================================
DAG File Processing Stats

File Path                                PID  Runtime      # DAGs    # Errors  Last Runtime    Last Run               Last # of DB Queries
-------------------------------------  -----  ---------  --------  ----------  --------------  -------------------  ----------------------
/opt/airflow/dags/iss_position_dag.py     37  0.01s             1           0  0.10s           2025-10-30T08:07:14                      12
================================================================================
